Terminaux inutilisés dans la grammaire

   ID


Grammaire

    0 $accept: axiom $end

    1 axiom: %empty
    2      | P_PRAGMA

    3 P_PRAGMA: PRAGMA P_EXTENSION BACKSLASH '{' BLOC_LIST '}'

    4 P_EXTENSION: EXTENSION P_EXTENSION
    5            | %empty

    6 EXTENSION: PRECISION '(' INTEGER ')'
    7          | ROUNDING '(' SYMBOL ')'

    8 BLOC_LIST: BLOC BLOC_LIST
    9          | BLOC

   10 BLOC: '{' BLOC_LIST '}'
   11     | IF '(' EXPR ')' BLOC
   12     | IF '(' EXPR ')' BLOC ELSE BLOC
   13     | WHILE '(' EXPR ')' BLOC
   14     | DO BLOC WHILE '(' EXPR ')' ';'
   15     | FOR '(' INSTRUCTION ';' EXPR ';' INSTRUCTION ')' BLOC
   16     | INSTRUCTION ';'

   17 INSTRUCTION: ASSIGNMENT
   18            | FCT
   19            | %empty

   20 RVALUE: EXPR

   21 ASSIGNMENT: VAR '=' RVALUE
   22           | '(' ASSIGNMENT ')'

   23 NUMBER: INTEGER
   24       | FLOAT

   25 EXPR: EXPR '+' EXPR
   26     | EXPR '*' EXPR
   27     | EXPR '-' EXPR
   28     | EXPR '/' EXPR
   29     | '-' EXPR
   30     | '+' EXPR
   31     | EXPR '<' EXPR
   32     | EXPR '>' EXPR
   33     | EXPR LTE EXPR
   34     | EXPR GTE EXPR
   35     | EXPR EQ EXPR
   36     | EXPR NEQ EXPR
   37     | EXPR OR EXPR
   38     | EXPR AND EXPR
   39     | EXPR '&' EXPR
   40     | EXPR '^' EXPR
   41     | EXPR '|' EXPR
   42     | '!' EXPR
   43     | '~' EXPR
   44     | '(' EXPR ')'
   45     | VAR
   46     | NUMBER
   47     | FCT

   48 FCT: SYMBOL '(' PARAM ARG ')'

   49 VAR: SYMBOL
   50    | PRECISION
   51    | ROUNDING

   52 ARG: ',' PARAM ARG
   53    | %empty

   54 PARAM: EXPR
   55      | STRING


Terminaux, suivis des règles où ils apparaissent

$end (0) 0
'!' (33) 42
'&' (38) 39
'(' (40) 6 7 11 12 13 14 15 22 44 48
')' (41) 6 7 11 12 13 14 15 22 44 48
'*' (42) 26
'+' (43) 25 30
',' (44) 52
'-' (45) 27 29
'/' (47) 28
';' (59) 14 15 16
'<' (60) 31
'=' (61) 21
'>' (62) 32
'^' (94) 40
'{' (123) 3 10
'|' (124) 41
'}' (125) 3 10
'~' (126) 43
error (256)
ID (258)
INTEGER (259) 6 23
FLOAT (260) 24
PRAGMA (261) 3
SYMBOL (262) 7 48 49
STRING (263) 55
OR (264) 37
AND (265) 38
GTE (266) 34
LTE (267) 33
IF (268) 11 12
ELSE (269) 12
FOR (270) 15
WHILE (271) 13 14
DO (272) 14
NEQ (273) 36
EQ (274) 35
PRECISION (275) 6 50
ROUNDING (276) 7 51
BACKSLASH (277) 3


Non-terminaux, suivis des règles où ils apparaissent

$accept (41)
    à gauche: 0
axiom (42)
    à gauche: 1 2, à droite: 0
P_PRAGMA (43)
    à gauche: 3, à droite: 2
P_EXTENSION (44)
    à gauche: 4 5, à droite: 3 4
EXTENSION (45)
    à gauche: 6 7, à droite: 4
BLOC_LIST (46)
    à gauche: 8 9, à droite: 3 8 10
BLOC (47)
    à gauche: 10 11 12 13 14 15 16, à droite: 8 9 11 12 13 14 15
INSTRUCTION (48)
    à gauche: 17 18 19, à droite: 15 16
RVALUE (49)
    à gauche: 20, à droite: 21
ASSIGNMENT (50)
    à gauche: 21 22, à droite: 17 22
NUMBER (51)
    à gauche: 23 24, à droite: 46
EXPR (52)
    à gauche: 25 26 27 28 29 30 31 32 33 34 35 36 37 38 39 40 41 42
    43 44 45 46 47, à droite: 11 12 13 14 15 20 25 26 27 28 29 30
    31 32 33 34 35 36 37 38 39 40 41 42 43 44 54
FCT (53)
    à gauche: 48, à droite: 18 47
VAR (54)
    à gauche: 49 50 51, à droite: 21 45
ARG (55)
    à gauche: 52 53, à droite: 48 52
PARAM (56)
    à gauche: 54 55, à droite: 48 52


État 0

    0 $accept: . axiom $end

    PRAGMA  décalage et aller à l'état 1

    $défaut  réduction par utilisation de la règle 1 (axiom)

    axiom     aller à l'état 2
    P_PRAGMA  aller à l'état 3


État 1

    3 P_PRAGMA: PRAGMA . P_EXTENSION BACKSLASH '{' BLOC_LIST '}'

    PRECISION  décalage et aller à l'état 4
    ROUNDING   décalage et aller à l'état 5

    $défaut  réduction par utilisation de la règle 5 (P_EXTENSION)

    P_EXTENSION  aller à l'état 6
    EXTENSION    aller à l'état 7


État 2

    0 $accept: axiom . $end

    $end  décalage et aller à l'état 8


État 3

    2 axiom: P_PRAGMA .

    $défaut  réduction par utilisation de la règle 2 (axiom)


État 4

    6 EXTENSION: PRECISION . '(' INTEGER ')'

    '('  décalage et aller à l'état 9


État 5

    7 EXTENSION: ROUNDING . '(' SYMBOL ')'

    '('  décalage et aller à l'état 10


État 6

    3 P_PRAGMA: PRAGMA P_EXTENSION . BACKSLASH '{' BLOC_LIST '}'

    BACKSLASH  décalage et aller à l'état 11


État 7

    4 P_EXTENSION: EXTENSION . P_EXTENSION

    PRECISION  décalage et aller à l'état 4
    ROUNDING   décalage et aller à l'état 5

    $défaut  réduction par utilisation de la règle 5 (P_EXTENSION)

    P_EXTENSION  aller à l'état 12
    EXTENSION    aller à l'état 7


État 8

    0 $accept: axiom $end .

    $défaut  accepter


État 9

    6 EXTENSION: PRECISION '(' . INTEGER ')'

    INTEGER  décalage et aller à l'état 13


État 10

    7 EXTENSION: ROUNDING '(' . SYMBOL ')'

    SYMBOL  décalage et aller à l'état 14


État 11

    3 P_PRAGMA: PRAGMA P_EXTENSION BACKSLASH . '{' BLOC_LIST '}'

    '{'  décalage et aller à l'état 15


État 12

    4 P_EXTENSION: EXTENSION P_EXTENSION .

    $défaut  réduction par utilisation de la règle 4 (P_EXTENSION)


État 13

    6 EXTENSION: PRECISION '(' INTEGER . ')'

    ')'  décalage et aller à l'état 16


État 14

    7 EXTENSION: ROUNDING '(' SYMBOL . ')'

    ')'  décalage et aller à l'état 17


État 15

    3 P_PRAGMA: PRAGMA P_EXTENSION BACKSLASH '{' . BLOC_LIST '}'

    SYMBOL     décalage et aller à l'état 18
    IF         décalage et aller à l'état 19
    FOR        décalage et aller à l'état 20
    WHILE      décalage et aller à l'état 21
    DO         décalage et aller à l'état 22
    PRECISION  décalage et aller à l'état 23
    ROUNDING   décalage et aller à l'état 24
    '{'        décalage et aller à l'état 25
    '('        décalage et aller à l'état 26

    $défaut  réduction par utilisation de la règle 19 (INSTRUCTION)

    BLOC_LIST    aller à l'état 27
    BLOC         aller à l'état 28
    INSTRUCTION  aller à l'état 29
    ASSIGNMENT   aller à l'état 30
    FCT          aller à l'état 31
    VAR          aller à l'état 32


État 16

    6 EXTENSION: PRECISION '(' INTEGER ')' .

    $défaut  réduction par utilisation de la règle 6 (EXTENSION)


État 17

    7 EXTENSION: ROUNDING '(' SYMBOL ')' .

    $défaut  réduction par utilisation de la règle 7 (EXTENSION)


État 18

   48 FCT: SYMBOL . '(' PARAM ARG ')'
   49 VAR: SYMBOL .

    '('  décalage et aller à l'état 33

    $défaut  réduction par utilisation de la règle 49 (VAR)


État 19

   11 BLOC: IF . '(' EXPR ')' BLOC
   12     | IF . '(' EXPR ')' BLOC ELSE BLOC

    '('  décalage et aller à l'état 34


État 20

   15 BLOC: FOR . '(' INSTRUCTION ';' EXPR ';' INSTRUCTION ')' BLOC

    '('  décalage et aller à l'état 35


État 21

   13 BLOC: WHILE . '(' EXPR ')' BLOC

    '('  décalage et aller à l'état 36


État 22

   14 BLOC: DO . BLOC WHILE '(' EXPR ')' ';'

    SYMBOL     décalage et aller à l'état 18
    IF         décalage et aller à l'état 19
    FOR        décalage et aller à l'état 20
    WHILE      décalage et aller à l'état 21
    DO         décalage et aller à l'état 22
    PRECISION  décalage et aller à l'état 23
    ROUNDING   décalage et aller à l'état 24
    '{'        décalage et aller à l'état 25
    '('        décalage et aller à l'état 26

    $défaut  réduction par utilisation de la règle 19 (INSTRUCTION)

    BLOC         aller à l'état 37
    INSTRUCTION  aller à l'état 29
    ASSIGNMENT   aller à l'état 30
    FCT          aller à l'état 31
    VAR          aller à l'état 32


État 23

   50 VAR: PRECISION .

    $défaut  réduction par utilisation de la règle 50 (VAR)


État 24

   51 VAR: ROUNDING .

    $défaut  réduction par utilisation de la règle 51 (VAR)


État 25

   10 BLOC: '{' . BLOC_LIST '}'

    SYMBOL     décalage et aller à l'état 18
    IF         décalage et aller à l'état 19
    FOR        décalage et aller à l'état 20
    WHILE      décalage et aller à l'état 21
    DO         décalage et aller à l'état 22
    PRECISION  décalage et aller à l'état 23
    ROUNDING   décalage et aller à l'état 24
    '{'        décalage et aller à l'état 25
    '('        décalage et aller à l'état 26

    $défaut  réduction par utilisation de la règle 19 (INSTRUCTION)

    BLOC_LIST    aller à l'état 38
    BLOC         aller à l'état 28
    INSTRUCTION  aller à l'état 29
    ASSIGNMENT   aller à l'état 30
    FCT          aller à l'état 31
    VAR          aller à l'état 32


État 26

   22 ASSIGNMENT: '(' . ASSIGNMENT ')'

    SYMBOL     décalage et aller à l'état 39
    PRECISION  décalage et aller à l'état 23
    ROUNDING   décalage et aller à l'état 24
    '('        décalage et aller à l'état 26

    ASSIGNMENT  aller à l'état 40
    VAR         aller à l'état 32


État 27

    3 P_PRAGMA: PRAGMA P_EXTENSION BACKSLASH '{' BLOC_LIST . '}'

    '}'  décalage et aller à l'état 41


État 28

    8 BLOC_LIST: BLOC . BLOC_LIST
    9          | BLOC .

    SYMBOL     décalage et aller à l'état 18
    IF         décalage et aller à l'état 19
    FOR        décalage et aller à l'état 20
    WHILE      décalage et aller à l'état 21
    DO         décalage et aller à l'état 22
    PRECISION  décalage et aller à l'état 23
    ROUNDING   décalage et aller à l'état 24
    '{'        décalage et aller à l'état 25
    '('        décalage et aller à l'état 26

    ';'       réduction par utilisation de la règle 19 (INSTRUCTION)
    $défaut  réduction par utilisation de la règle 9 (BLOC_LIST)

    BLOC_LIST    aller à l'état 42
    BLOC         aller à l'état 28
    INSTRUCTION  aller à l'état 29
    ASSIGNMENT   aller à l'état 30
    FCT          aller à l'état 31
    VAR          aller à l'état 32


État 29

   16 BLOC: INSTRUCTION . ';'

    ';'  décalage et aller à l'état 43


État 30

   17 INSTRUCTION: ASSIGNMENT .

    $défaut  réduction par utilisation de la règle 17 (INSTRUCTION)


État 31

   18 INSTRUCTION: FCT .

    $défaut  réduction par utilisation de la règle 18 (INSTRUCTION)


État 32

   21 ASSIGNMENT: VAR . '=' RVALUE

    '='  décalage et aller à l'état 44


État 33

   48 FCT: SYMBOL '(' . PARAM ARG ')'

    INTEGER    décalage et aller à l'état 45
    FLOAT      décalage et aller à l'état 46
    SYMBOL     décalage et aller à l'état 18
    STRING     décalage et aller à l'état 47
    PRECISION  décalage et aller à l'état 23
    ROUNDING   décalage et aller à l'état 24
    '+'        décalage et aller à l'état 48
    '-'        décalage et aller à l'état 49
    '!'        décalage et aller à l'état 50
    '~'        décalage et aller à l'état 51
    '('        décalage et aller à l'état 52

    NUMBER  aller à l'état 53
    EXPR    aller à l'état 54
    FCT     aller à l'état 55
    VAR     aller à l'état 56
    PARAM   aller à l'état 57


État 34

   11 BLOC: IF '(' . EXPR ')' BLOC
   12     | IF '(' . EXPR ')' BLOC ELSE BLOC

    INTEGER    décalage et aller à l'état 45
    FLOAT      décalage et aller à l'état 46
    SYMBOL     décalage et aller à l'état 18
    PRECISION  décalage et aller à l'état 23
    ROUNDING   décalage et aller à l'état 24
    '+'        décalage et aller à l'état 48
    '-'        décalage et aller à l'état 49
    '!'        décalage et aller à l'état 50
    '~'        décalage et aller à l'état 51
    '('        décalage et aller à l'état 52

    NUMBER  aller à l'état 53
    EXPR    aller à l'état 58
    FCT     aller à l'état 55
    VAR     aller à l'état 56


État 35

   15 BLOC: FOR '(' . INSTRUCTION ';' EXPR ';' INSTRUCTION ')' BLOC

    SYMBOL     décalage et aller à l'état 18
    PRECISION  décalage et aller à l'état 23
    ROUNDING   décalage et aller à l'état 24
    '('        décalage et aller à l'état 26

    $défaut  réduction par utilisation de la règle 19 (INSTRUCTION)

    INSTRUCTION  aller à l'état 59
    ASSIGNMENT   aller à l'état 30
    FCT          aller à l'état 31
    VAR          aller à l'état 32


État 36

   13 BLOC: WHILE '(' . EXPR ')' BLOC

    INTEGER    décalage et aller à l'état 45
    FLOAT      décalage et aller à l'état 46
    SYMBOL     décalage et aller à l'état 18
    PRECISION  décalage et aller à l'état 23
    ROUNDING   décalage et aller à l'état 24
    '+'        décalage et aller à l'état 48
    '-'        décalage et aller à l'état 49
    '!'        décalage et aller à l'état 50
    '~'        décalage et aller à l'état 51
    '('        décalage et aller à l'état 52

    NUMBER  aller à l'état 53
    EXPR    aller à l'état 60
    FCT     aller à l'état 55
    VAR     aller à l'état 56


État 37

   14 BLOC: DO BLOC . WHILE '(' EXPR ')' ';'

    WHILE  décalage et aller à l'état 61


État 38

   10 BLOC: '{' BLOC_LIST . '}'

    '}'  décalage et aller à l'état 62


État 39

   49 VAR: SYMBOL .

    $défaut  réduction par utilisation de la règle 49 (VAR)


État 40

   22 ASSIGNMENT: '(' ASSIGNMENT . ')'

    ')'  décalage et aller à l'état 63


État 41

    3 P_PRAGMA: PRAGMA P_EXTENSION BACKSLASH '{' BLOC_LIST '}' .

    $défaut  réduction par utilisation de la règle 3 (P_PRAGMA)


État 42

    8 BLOC_LIST: BLOC BLOC_LIST .

    $défaut  réduction par utilisation de la règle 8 (BLOC_LIST)


État 43

   16 BLOC: INSTRUCTION ';' .

    $défaut  réduction par utilisation de la règle 16 (BLOC)


État 44

   21 ASSIGNMENT: VAR '=' . RVALUE

    INTEGER    décalage et aller à l'état 45
    FLOAT      décalage et aller à l'état 46
    SYMBOL     décalage et aller à l'état 18
    PRECISION  décalage et aller à l'état 23
    ROUNDING   décalage et aller à l'état 24
    '+'        décalage et aller à l'état 48
    '-'        décalage et aller à l'état 49
    '!'        décalage et aller à l'état 50
    '~'        décalage et aller à l'état 51
    '('        décalage et aller à l'état 52

    RVALUE  aller à l'état 64
    NUMBER  aller à l'état 53
    EXPR    aller à l'état 65
    FCT     aller à l'état 55
    VAR     aller à l'état 56


État 45

   23 NUMBER: INTEGER .

    $défaut  réduction par utilisation de la règle 23 (NUMBER)


État 46

   24 NUMBER: FLOAT .

    $défaut  réduction par utilisation de la règle 24 (NUMBER)


État 47

   55 PARAM: STRING .

    $défaut  réduction par utilisation de la règle 55 (PARAM)


État 48

   30 EXPR: '+' . EXPR

    INTEGER    décalage et aller à l'état 45
    FLOAT      décalage et aller à l'état 46
    SYMBOL     décalage et aller à l'état 18
    PRECISION  décalage et aller à l'état 23
    ROUNDING   décalage et aller à l'état 24
    '+'        décalage et aller à l'état 48
    '-'        décalage et aller à l'état 49
    '!'        décalage et aller à l'état 50
    '~'        décalage et aller à l'état 51
    '('        décalage et aller à l'état 52

    NUMBER  aller à l'état 53
    EXPR    aller à l'état 66
    FCT     aller à l'état 55
    VAR     aller à l'état 56


État 49

   29 EXPR: '-' . EXPR

    INTEGER    décalage et aller à l'état 45
    FLOAT      décalage et aller à l'état 46
    SYMBOL     décalage et aller à l'état 18
    PRECISION  décalage et aller à l'état 23
    ROUNDING   décalage et aller à l'état 24
    '+'        décalage et aller à l'état 48
    '-'        décalage et aller à l'état 49
    '!'        décalage et aller à l'état 50
    '~'        décalage et aller à l'état 51
    '('        décalage et aller à l'état 52

    NUMBER  aller à l'état 53
    EXPR    aller à l'état 67
    FCT     aller à l'état 55
    VAR     aller à l'état 56


État 50

   42 EXPR: '!' . EXPR

    INTEGER    décalage et aller à l'état 45
    FLOAT      décalage et aller à l'état 46
    SYMBOL     décalage et aller à l'état 18
    PRECISION  décalage et aller à l'état 23
    ROUNDING   décalage et aller à l'état 24
    '+'        décalage et aller à l'état 48
    '-'        décalage et aller à l'état 49
    '!'        décalage et aller à l'état 50
    '~'        décalage et aller à l'état 51
    '('        décalage et aller à l'état 52

    NUMBER  aller à l'état 53
    EXPR    aller à l'état 68
    FCT     aller à l'état 55
    VAR     aller à l'état 56


État 51

   43 EXPR: '~' . EXPR

    INTEGER    décalage et aller à l'état 45
    FLOAT      décalage et aller à l'état 46
    SYMBOL     décalage et aller à l'état 18
    PRECISION  décalage et aller à l'état 23
    ROUNDING   décalage et aller à l'état 24
    '+'        décalage et aller à l'état 48
    '-'        décalage et aller à l'état 49
    '!'        décalage et aller à l'état 50
    '~'        décalage et aller à l'état 51
    '('        décalage et aller à l'état 52

    NUMBER  aller à l'état 53
    EXPR    aller à l'état 69
    FCT     aller à l'état 55
    VAR     aller à l'état 56


État 52

   44 EXPR: '(' . EXPR ')'

    INTEGER    décalage et aller à l'état 45
    FLOAT      décalage et aller à l'état 46
    SYMBOL     décalage et aller à l'état 18
    PRECISION  décalage et aller à l'état 23
    ROUNDING   décalage et aller à l'état 24
    '+'        décalage et aller à l'état 48
    '-'        décalage et aller à l'état 49
    '!'        décalage et aller à l'état 50
    '~'        décalage et aller à l'état 51
    '('        décalage et aller à l'état 52

    NUMBER  aller à l'état 53
    EXPR    aller à l'état 70
    FCT     aller à l'état 55
    VAR     aller à l'état 56


État 53

   46 EXPR: NUMBER .

    $défaut  réduction par utilisation de la règle 46 (EXPR)


État 54

   25 EXPR: EXPR . '+' EXPR
   26     | EXPR . '*' EXPR
   27     | EXPR . '-' EXPR
   28     | EXPR . '/' EXPR
   31     | EXPR . '<' EXPR
   32     | EXPR . '>' EXPR
   33     | EXPR . LTE EXPR
   34     | EXPR . GTE EXPR
   35     | EXPR . EQ EXPR
   36     | EXPR . NEQ EXPR
   37     | EXPR . OR EXPR
   38     | EXPR . AND EXPR
   39     | EXPR . '&' EXPR
   40     | EXPR . '^' EXPR
   41     | EXPR . '|' EXPR
   54 PARAM: EXPR .

    OR   décalage et aller à l'état 71
    AND  décalage et aller à l'état 72
    GTE  décalage et aller à l'état 73
    LTE  décalage et aller à l'état 74
    NEQ  décalage et aller à l'état 75
    EQ   décalage et aller à l'état 76
    '|'  décalage et aller à l'état 77
    '^'  décalage et aller à l'état 78
    '&'  décalage et aller à l'état 79
    '<'  décalage et aller à l'état 80
    '>'  décalage et aller à l'état 81
    '+'  décalage et aller à l'état 82
    '-'  décalage et aller à l'état 83
    '*'  décalage et aller à l'état 84
    '/'  décalage et aller à l'état 85

    $défaut  réduction par utilisation de la règle 54 (PARAM)


État 55

   47 EXPR: FCT .

    $défaut  réduction par utilisation de la règle 47 (EXPR)


État 56

   45 EXPR: VAR .

    $défaut  réduction par utilisation de la règle 45 (EXPR)


État 57

   48 FCT: SYMBOL '(' PARAM . ARG ')'

    ','  décalage et aller à l'état 86

    $défaut  réduction par utilisation de la règle 53 (ARG)

    ARG  aller à l'état 87


État 58

   11 BLOC: IF '(' EXPR . ')' BLOC
   12     | IF '(' EXPR . ')' BLOC ELSE BLOC
   25 EXPR: EXPR . '+' EXPR
   26     | EXPR . '*' EXPR
   27     | EXPR . '-' EXPR
   28     | EXPR . '/' EXPR
   31     | EXPR . '<' EXPR
   32     | EXPR . '>' EXPR
   33     | EXPR . LTE EXPR
   34     | EXPR . GTE EXPR
   35     | EXPR . EQ EXPR
   36     | EXPR . NEQ EXPR
   37     | EXPR . OR EXPR
   38     | EXPR . AND EXPR
   39     | EXPR . '&' EXPR
   40     | EXPR . '^' EXPR
   41     | EXPR . '|' EXPR

    OR   décalage et aller à l'état 71
    AND  décalage et aller à l'état 72
    GTE  décalage et aller à l'état 73
    LTE  décalage et aller à l'état 74
    NEQ  décalage et aller à l'état 75
    EQ   décalage et aller à l'état 76
    '|'  décalage et aller à l'état 77
    '^'  décalage et aller à l'état 78
    '&'  décalage et aller à l'état 79
    '<'  décalage et aller à l'état 80
    '>'  décalage et aller à l'état 81
    '+'  décalage et aller à l'état 82
    '-'  décalage et aller à l'état 83
    '*'  décalage et aller à l'état 84
    '/'  décalage et aller à l'état 85
    ')'  décalage et aller à l'état 88


État 59

   15 BLOC: FOR '(' INSTRUCTION . ';' EXPR ';' INSTRUCTION ')' BLOC

    ';'  décalage et aller à l'état 89


État 60

   13 BLOC: WHILE '(' EXPR . ')' BLOC
   25 EXPR: EXPR . '+' EXPR
   26     | EXPR . '*' EXPR
   27     | EXPR . '-' EXPR
   28     | EXPR . '/' EXPR
   31     | EXPR . '<' EXPR
   32     | EXPR . '>' EXPR
   33     | EXPR . LTE EXPR
   34     | EXPR . GTE EXPR
   35     | EXPR . EQ EXPR
   36     | EXPR . NEQ EXPR
   37     | EXPR . OR EXPR
   38     | EXPR . AND EXPR
   39     | EXPR . '&' EXPR
   40     | EXPR . '^' EXPR
   41     | EXPR . '|' EXPR

    OR   décalage et aller à l'état 71
    AND  décalage et aller à l'état 72
    GTE  décalage et aller à l'état 73
    LTE  décalage et aller à l'état 74
    NEQ  décalage et aller à l'état 75
    EQ   décalage et aller à l'état 76
    '|'  décalage et aller à l'état 77
    '^'  décalage et aller à l'état 78
    '&'  décalage et aller à l'état 79
    '<'  décalage et aller à l'état 80
    '>'  décalage et aller à l'état 81
    '+'  décalage et aller à l'état 82
    '-'  décalage et aller à l'état 83
    '*'  décalage et aller à l'état 84
    '/'  décalage et aller à l'état 85
    ')'  décalage et aller à l'état 90


État 61

   14 BLOC: DO BLOC WHILE . '(' EXPR ')' ';'

    '('  décalage et aller à l'état 91


État 62

   10 BLOC: '{' BLOC_LIST '}' .

    $défaut  réduction par utilisation de la règle 10 (BLOC)


État 63

   22 ASSIGNMENT: '(' ASSIGNMENT ')' .

    $défaut  réduction par utilisation de la règle 22 (ASSIGNMENT)


État 64

   21 ASSIGNMENT: VAR '=' RVALUE .

    $défaut  réduction par utilisation de la règle 21 (ASSIGNMENT)


État 65

   20 RVALUE: EXPR .
   25 EXPR: EXPR . '+' EXPR
   26     | EXPR . '*' EXPR
   27     | EXPR . '-' EXPR
   28     | EXPR . '/' EXPR
   31     | EXPR . '<' EXPR
   32     | EXPR . '>' EXPR
   33     | EXPR . LTE EXPR
   34     | EXPR . GTE EXPR
   35     | EXPR . EQ EXPR
   36     | EXPR . NEQ EXPR
   37     | EXPR . OR EXPR
   38     | EXPR . AND EXPR
   39     | EXPR . '&' EXPR
   40     | EXPR . '^' EXPR
   41     | EXPR . '|' EXPR

    OR   décalage et aller à l'état 71
    AND  décalage et aller à l'état 72
    GTE  décalage et aller à l'état 73
    LTE  décalage et aller à l'état 74
    NEQ  décalage et aller à l'état 75
    EQ   décalage et aller à l'état 76
    '|'  décalage et aller à l'état 77
    '^'  décalage et aller à l'état 78
    '&'  décalage et aller à l'état 79
    '<'  décalage et aller à l'état 80
    '>'  décalage et aller à l'état 81
    '+'  décalage et aller à l'état 82
    '-'  décalage et aller à l'état 83
    '*'  décalage et aller à l'état 84
    '/'  décalage et aller à l'état 85

    $défaut  réduction par utilisation de la règle 20 (RVALUE)


État 66

   25 EXPR: EXPR . '+' EXPR
   26     | EXPR . '*' EXPR
   27     | EXPR . '-' EXPR
   28     | EXPR . '/' EXPR
   30     | '+' EXPR .
   31     | EXPR . '<' EXPR
   32     | EXPR . '>' EXPR
   33     | EXPR . LTE EXPR
   34     | EXPR . GTE EXPR
   35     | EXPR . EQ EXPR
   36     | EXPR . NEQ EXPR
   37     | EXPR . OR EXPR
   38     | EXPR . AND EXPR
   39     | EXPR . '&' EXPR
   40     | EXPR . '^' EXPR
   41     | EXPR . '|' EXPR

    '*'  décalage et aller à l'état 84
    '/'  décalage et aller à l'état 85

    $défaut  réduction par utilisation de la règle 30 (EXPR)


État 67

   25 EXPR: EXPR . '+' EXPR
   26     | EXPR . '*' EXPR
   27     | EXPR . '-' EXPR
   28     | EXPR . '/' EXPR
   29     | '-' EXPR .
   31     | EXPR . '<' EXPR
   32     | EXPR . '>' EXPR
   33     | EXPR . LTE EXPR
   34     | EXPR . GTE EXPR
   35     | EXPR . EQ EXPR
   36     | EXPR . NEQ EXPR
   37     | EXPR . OR EXPR
   38     | EXPR . AND EXPR
   39     | EXPR . '&' EXPR
   40     | EXPR . '^' EXPR
   41     | EXPR . '|' EXPR

    '*'  décalage et aller à l'état 84
    '/'  décalage et aller à l'état 85

    $défaut  réduction par utilisation de la règle 29 (EXPR)


État 68

   25 EXPR: EXPR . '+' EXPR
   26     | EXPR . '*' EXPR
   27     | EXPR . '-' EXPR
   28     | EXPR . '/' EXPR
   31     | EXPR . '<' EXPR
   32     | EXPR . '>' EXPR
   33     | EXPR . LTE EXPR
   34     | EXPR . GTE EXPR
   35     | EXPR . EQ EXPR
   36     | EXPR . NEQ EXPR
   37     | EXPR . OR EXPR
   38     | EXPR . AND EXPR
   39     | EXPR . '&' EXPR
   40     | EXPR . '^' EXPR
   41     | EXPR . '|' EXPR
   42     | '!' EXPR .

    $défaut  réduction par utilisation de la règle 42 (EXPR)


État 69

   25 EXPR: EXPR . '+' EXPR
   26     | EXPR . '*' EXPR
   27     | EXPR . '-' EXPR
   28     | EXPR . '/' EXPR
   31     | EXPR . '<' EXPR
   32     | EXPR . '>' EXPR
   33     | EXPR . LTE EXPR
   34     | EXPR . GTE EXPR
   35     | EXPR . EQ EXPR
   36     | EXPR . NEQ EXPR
   37     | EXPR . OR EXPR
   38     | EXPR . AND EXPR
   39     | EXPR . '&' EXPR
   40     | EXPR . '^' EXPR
   41     | EXPR . '|' EXPR
   43     | '~' EXPR .

    $défaut  réduction par utilisation de la règle 43 (EXPR)


État 70

   25 EXPR: EXPR . '+' EXPR
   26     | EXPR . '*' EXPR
   27     | EXPR . '-' EXPR
   28     | EXPR . '/' EXPR
   31     | EXPR . '<' EXPR
   32     | EXPR . '>' EXPR
   33     | EXPR . LTE EXPR
   34     | EXPR . GTE EXPR
   35     | EXPR . EQ EXPR
   36     | EXPR . NEQ EXPR
   37     | EXPR . OR EXPR
   38     | EXPR . AND EXPR
   39     | EXPR . '&' EXPR
   40     | EXPR . '^' EXPR
   41     | EXPR . '|' EXPR
   44     | '(' EXPR . ')'

    OR   décalage et aller à l'état 71
    AND  décalage et aller à l'état 72
    GTE  décalage et aller à l'état 73
    LTE  décalage et aller à l'état 74
    NEQ  décalage et aller à l'état 75
    EQ   décalage et aller à l'état 76
    '|'  décalage et aller à l'état 77
    '^'  décalage et aller à l'état 78
    '&'  décalage et aller à l'état 79
    '<'  décalage et aller à l'état 80
    '>'  décalage et aller à l'état 81
    '+'  décalage et aller à l'état 82
    '-'  décalage et aller à l'état 83
    '*'  décalage et aller à l'état 84
    '/'  décalage et aller à l'état 85
    ')'  décalage et aller à l'état 92


État 71

   37 EXPR: EXPR OR . EXPR

    INTEGER    décalage et aller à l'état 45
    FLOAT      décalage et aller à l'état 46
    SYMBOL     décalage et aller à l'état 18
    PRECISION  décalage et aller à l'état 23
    ROUNDING   décalage et aller à l'état 24
    '+'        décalage et aller à l'état 48
    '-'        décalage et aller à l'état 49
    '!'        décalage et aller à l'état 50
    '~'        décalage et aller à l'état 51
    '('        décalage et aller à l'état 52

    NUMBER  aller à l'état 53
    EXPR    aller à l'état 93
    FCT     aller à l'état 55
    VAR     aller à l'état 56


État 72

   38 EXPR: EXPR AND . EXPR

    INTEGER    décalage et aller à l'état 45
    FLOAT      décalage et aller à l'état 46
    SYMBOL     décalage et aller à l'état 18
    PRECISION  décalage et aller à l'état 23
    ROUNDING   décalage et aller à l'état 24
    '+'        décalage et aller à l'état 48
    '-'        décalage et aller à l'état 49
    '!'        décalage et aller à l'état 50
    '~'        décalage et aller à l'état 51
    '('        décalage et aller à l'état 52

    NUMBER  aller à l'état 53
    EXPR    aller à l'état 94
    FCT     aller à l'état 55
    VAR     aller à l'état 56


État 73

   34 EXPR: EXPR GTE . EXPR

    INTEGER    décalage et aller à l'état 45
    FLOAT      décalage et aller à l'état 46
    SYMBOL     décalage et aller à l'état 18
    PRECISION  décalage et aller à l'état 23
    ROUNDING   décalage et aller à l'état 24
    '+'        décalage et aller à l'état 48
    '-'        décalage et aller à l'état 49
    '!'        décalage et aller à l'état 50
    '~'        décalage et aller à l'état 51
    '('        décalage et aller à l'état 52

    NUMBER  aller à l'état 53
    EXPR    aller à l'état 95
    FCT     aller à l'état 55
    VAR     aller à l'état 56


État 74

   33 EXPR: EXPR LTE . EXPR

    INTEGER    décalage et aller à l'état 45
    FLOAT      décalage et aller à l'état 46
    SYMBOL     décalage et aller à l'état 18
    PRECISION  décalage et aller à l'état 23
    ROUNDING   décalage et aller à l'état 24
    '+'        décalage et aller à l'état 48
    '-'        décalage et aller à l'état 49
    '!'        décalage et aller à l'état 50
    '~'        décalage et aller à l'état 51
    '('        décalage et aller à l'état 52

    NUMBER  aller à l'état 53
    EXPR    aller à l'état 96
    FCT     aller à l'état 55
    VAR     aller à l'état 56


État 75

   36 EXPR: EXPR NEQ . EXPR

    INTEGER    décalage et aller à l'état 45
    FLOAT      décalage et aller à l'état 46
    SYMBOL     décalage et aller à l'état 18
    PRECISION  décalage et aller à l'état 23
    ROUNDING   décalage et aller à l'état 24
    '+'        décalage et aller à l'état 48
    '-'        décalage et aller à l'état 49
    '!'        décalage et aller à l'état 50
    '~'        décalage et aller à l'état 51
    '('        décalage et aller à l'état 52

    NUMBER  aller à l'état 53
    EXPR    aller à l'état 97
    FCT     aller à l'état 55
    VAR     aller à l'état 56


État 76

   35 EXPR: EXPR EQ . EXPR

    INTEGER    décalage et aller à l'état 45
    FLOAT      décalage et aller à l'état 46
    SYMBOL     décalage et aller à l'état 18
    PRECISION  décalage et aller à l'état 23
    ROUNDING   décalage et aller à l'état 24
    '+'        décalage et aller à l'état 48
    '-'        décalage et aller à l'état 49
    '!'        décalage et aller à l'état 50
    '~'        décalage et aller à l'état 51
    '('        décalage et aller à l'état 52

    NUMBER  aller à l'état 53
    EXPR    aller à l'état 98
    FCT     aller à l'état 55
    VAR     aller à l'état 56


État 77

   41 EXPR: EXPR '|' . EXPR

    INTEGER    décalage et aller à l'état 45
    FLOAT      décalage et aller à l'état 46
    SYMBOL     décalage et aller à l'état 18
    PRECISION  décalage et aller à l'état 23
    ROUNDING   décalage et aller à l'état 24
    '+'        décalage et aller à l'état 48
    '-'        décalage et aller à l'état 49
    '!'        décalage et aller à l'état 50
    '~'        décalage et aller à l'état 51
    '('        décalage et aller à l'état 52

    NUMBER  aller à l'état 53
    EXPR    aller à l'état 99
    FCT     aller à l'état 55
    VAR     aller à l'état 56


État 78

   40 EXPR: EXPR '^' . EXPR

    INTEGER    décalage et aller à l'état 45
    FLOAT      décalage et aller à l'état 46
    SYMBOL     décalage et aller à l'état 18
    PRECISION  décalage et aller à l'état 23
    ROUNDING   décalage et aller à l'état 24
    '+'        décalage et aller à l'état 48
    '-'        décalage et aller à l'état 49
    '!'        décalage et aller à l'état 50
    '~'        décalage et aller à l'état 51
    '('        décalage et aller à l'état 52

    NUMBER  aller à l'état 53
    EXPR    aller à l'état 100
    FCT     aller à l'état 55
    VAR     aller à l'état 56


État 79

   39 EXPR: EXPR '&' . EXPR

    INTEGER    décalage et aller à l'état 45
    FLOAT      décalage et aller à l'état 46
    SYMBOL     décalage et aller à l'état 18
    PRECISION  décalage et aller à l'état 23
    ROUNDING   décalage et aller à l'état 24
    '+'        décalage et aller à l'état 48
    '-'        décalage et aller à l'état 49
    '!'        décalage et aller à l'état 50
    '~'        décalage et aller à l'état 51
    '('        décalage et aller à l'état 52

    NUMBER  aller à l'état 53
    EXPR    aller à l'état 101
    FCT     aller à l'état 55
    VAR     aller à l'état 56


État 80

   31 EXPR: EXPR '<' . EXPR

    INTEGER    décalage et aller à l'état 45
    FLOAT      décalage et aller à l'état 46
    SYMBOL     décalage et aller à l'état 18
    PRECISION  décalage et aller à l'état 23
    ROUNDING   décalage et aller à l'état 24
    '+'        décalage et aller à l'état 48
    '-'        décalage et aller à l'état 49
    '!'        décalage et aller à l'état 50
    '~'        décalage et aller à l'état 51
    '('        décalage et aller à l'état 52

    NUMBER  aller à l'état 53
    EXPR    aller à l'état 102
    FCT     aller à l'état 55
    VAR     aller à l'état 56


État 81

   32 EXPR: EXPR '>' . EXPR

    INTEGER    décalage et aller à l'état 45
    FLOAT      décalage et aller à l'état 46
    SYMBOL     décalage et aller à l'état 18
    PRECISION  décalage et aller à l'état 23
    ROUNDING   décalage et aller à l'état 24
    '+'        décalage et aller à l'état 48
    '-'        décalage et aller à l'état 49
    '!'        décalage et aller à l'état 50
    '~'        décalage et aller à l'état 51
    '('        décalage et aller à l'état 52

    NUMBER  aller à l'état 53
    EXPR    aller à l'état 103
    FCT     aller à l'état 55
    VAR     aller à l'état 56


État 82

   25 EXPR: EXPR '+' . EXPR

    INTEGER    décalage et aller à l'état 45
    FLOAT      décalage et aller à l'état 46
    SYMBOL     décalage et aller à l'état 18
    PRECISION  décalage et aller à l'état 23
    ROUNDING   décalage et aller à l'état 24
    '+'        décalage et aller à l'état 48
    '-'        décalage et aller à l'état 49
    '!'        décalage et aller à l'état 50
    '~'        décalage et aller à l'état 51
    '('        décalage et aller à l'état 52

    NUMBER  aller à l'état 53
    EXPR    aller à l'état 104
    FCT     aller à l'état 55
    VAR     aller à l'état 56


État 83

   27 EXPR: EXPR '-' . EXPR

    INTEGER    décalage et aller à l'état 45
    FLOAT      décalage et aller à l'état 46
    SYMBOL     décalage et aller à l'état 18
    PRECISION  décalage et aller à l'état 23
    ROUNDING   décalage et aller à l'état 24
    '+'        décalage et aller à l'état 48
    '-'        décalage et aller à l'état 49
    '!'        décalage et aller à l'état 50
    '~'        décalage et aller à l'état 51
    '('        décalage et aller à l'état 52

    NUMBER  aller à l'état 53
    EXPR    aller à l'état 105
    FCT     aller à l'état 55
    VAR     aller à l'état 56


État 84

   26 EXPR: EXPR '*' . EXPR

    INTEGER    décalage et aller à l'état 45
    FLOAT      décalage et aller à l'état 46
    SYMBOL     décalage et aller à l'état 18
    PRECISION  décalage et aller à l'état 23
    ROUNDING   décalage et aller à l'état 24
    '+'        décalage et aller à l'état 48
    '-'        décalage et aller à l'état 49
    '!'        décalage et aller à l'état 50
    '~'        décalage et aller à l'état 51
    '('        décalage et aller à l'état 52

    NUMBER  aller à l'état 53
    EXPR    aller à l'état 106
    FCT     aller à l'état 55
    VAR     aller à l'état 56


État 85

   28 EXPR: EXPR '/' . EXPR

    INTEGER    décalage et aller à l'état 45
    FLOAT      décalage et aller à l'état 46
    SYMBOL     décalage et aller à l'état 18
    PRECISION  décalage et aller à l'état 23
    ROUNDING   décalage et aller à l'état 24
    '+'        décalage et aller à l'état 48
    '-'        décalage et aller à l'état 49
    '!'        décalage et aller à l'état 50
    '~'        décalage et aller à l'état 51
    '('        décalage et aller à l'état 52

    NUMBER  aller à l'état 53
    EXPR    aller à l'état 107
    FCT     aller à l'état 55
    VAR     aller à l'état 56


État 86

   52 ARG: ',' . PARAM ARG

    INTEGER    décalage et aller à l'état 45
    FLOAT      décalage et aller à l'état 46
    SYMBOL     décalage et aller à l'état 18
    STRING     décalage et aller à l'état 47
    PRECISION  décalage et aller à l'état 23
    ROUNDING   décalage et aller à l'état 24
    '+'        décalage et aller à l'état 48
    '-'        décalage et aller à l'état 49
    '!'        décalage et aller à l'état 50
    '~'        décalage et aller à l'état 51
    '('        décalage et aller à l'état 52

    NUMBER  aller à l'état 53
    EXPR    aller à l'état 54
    FCT     aller à l'état 55
    VAR     aller à l'état 56
    PARAM   aller à l'état 108


État 87

   48 FCT: SYMBOL '(' PARAM ARG . ')'

    ')'  décalage et aller à l'état 109


État 88

   11 BLOC: IF '(' EXPR ')' . BLOC
   12     | IF '(' EXPR ')' . BLOC ELSE BLOC

    SYMBOL     décalage et aller à l'état 18
    IF         décalage et aller à l'état 19
    FOR        décalage et aller à l'état 20
    WHILE      décalage et aller à l'état 21
    DO         décalage et aller à l'état 22
    PRECISION  décalage et aller à l'état 23
    ROUNDING   décalage et aller à l'état 24
    '{'        décalage et aller à l'état 25
    '('        décalage et aller à l'état 26

    $défaut  réduction par utilisation de la règle 19 (INSTRUCTION)

    BLOC         aller à l'état 110
    INSTRUCTION  aller à l'état 29
    ASSIGNMENT   aller à l'état 30
    FCT          aller à l'état 31
    VAR          aller à l'état 32


État 89

   15 BLOC: FOR '(' INSTRUCTION ';' . EXPR ';' INSTRUCTION ')' BLOC

    INTEGER    décalage et aller à l'état 45
    FLOAT      décalage et aller à l'état 46
    SYMBOL     décalage et aller à l'état 18
    PRECISION  décalage et aller à l'état 23
    ROUNDING   décalage et aller à l'état 24
    '+'        décalage et aller à l'état 48
    '-'        décalage et aller à l'état 49
    '!'        décalage et aller à l'état 50
    '~'        décalage et aller à l'état 51
    '('        décalage et aller à l'état 52

    NUMBER  aller à l'état 53
    EXPR    aller à l'état 111
    FCT     aller à l'état 55
    VAR     aller à l'état 56


État 90

   13 BLOC: WHILE '(' EXPR ')' . BLOC

    SYMBOL     décalage et aller à l'état 18
    IF         décalage et aller à l'état 19
    FOR        décalage et aller à l'état 20
    WHILE      décalage et aller à l'état 21
    DO         décalage et aller à l'état 22
    PRECISION  décalage et aller à l'état 23
    ROUNDING   décalage et aller à l'état 24
    '{'        décalage et aller à l'état 25
    '('        décalage et aller à l'état 26

    $défaut  réduction par utilisation de la règle 19 (INSTRUCTION)

    BLOC         aller à l'état 112
    INSTRUCTION  aller à l'état 29
    ASSIGNMENT   aller à l'état 30
    FCT          aller à l'état 31
    VAR          aller à l'état 32


État 91

   14 BLOC: DO BLOC WHILE '(' . EXPR ')' ';'

    INTEGER    décalage et aller à l'état 45
    FLOAT      décalage et aller à l'état 46
    SYMBOL     décalage et aller à l'état 18
    PRECISION  décalage et aller à l'état 23
    ROUNDING   décalage et aller à l'état 24
    '+'        décalage et aller à l'état 48
    '-'        décalage et aller à l'état 49
    '!'        décalage et aller à l'état 50
    '~'        décalage et aller à l'état 51
    '('        décalage et aller à l'état 52

    NUMBER  aller à l'état 53
    EXPR    aller à l'état 113
    FCT     aller à l'état 55
    VAR     aller à l'état 56


État 92

   44 EXPR: '(' EXPR ')' .

    $défaut  réduction par utilisation de la règle 44 (EXPR)


État 93

   25 EXPR: EXPR . '+' EXPR
   26     | EXPR . '*' EXPR
   27     | EXPR . '-' EXPR
   28     | EXPR . '/' EXPR
   31     | EXPR . '<' EXPR
   32     | EXPR . '>' EXPR
   33     | EXPR . LTE EXPR
   34     | EXPR . GTE EXPR
   35     | EXPR . EQ EXPR
   36     | EXPR . NEQ EXPR
   37     | EXPR . OR EXPR
   37     | EXPR OR EXPR .
   38     | EXPR . AND EXPR
   39     | EXPR . '&' EXPR
   40     | EXPR . '^' EXPR
   41     | EXPR . '|' EXPR

    AND  décalage et aller à l'état 72
    GTE  décalage et aller à l'état 73
    LTE  décalage et aller à l'état 74
    NEQ  décalage et aller à l'état 75
    EQ   décalage et aller à l'état 76
    '|'  décalage et aller à l'état 77
    '^'  décalage et aller à l'état 78
    '&'  décalage et aller à l'état 79
    '<'  décalage et aller à l'état 80
    '>'  décalage et aller à l'état 81
    '+'  décalage et aller à l'état 82
    '-'  décalage et aller à l'état 83
    '*'  décalage et aller à l'état 84
    '/'  décalage et aller à l'état 85

    $défaut  réduction par utilisation de la règle 37 (EXPR)


État 94

   25 EXPR: EXPR . '+' EXPR
   26     | EXPR . '*' EXPR
   27     | EXPR . '-' EXPR
   28     | EXPR . '/' EXPR
   31     | EXPR . '<' EXPR
   32     | EXPR . '>' EXPR
   33     | EXPR . LTE EXPR
   34     | EXPR . GTE EXPR
   35     | EXPR . EQ EXPR
   36     | EXPR . NEQ EXPR
   37     | EXPR . OR EXPR
   38     | EXPR . AND EXPR
   38     | EXPR AND EXPR .
   39     | EXPR . '&' EXPR
   40     | EXPR . '^' EXPR
   41     | EXPR . '|' EXPR

    GTE  décalage et aller à l'état 73
    LTE  décalage et aller à l'état 74
    NEQ  décalage et aller à l'état 75
    EQ   décalage et aller à l'état 76
    '|'  décalage et aller à l'état 77
    '^'  décalage et aller à l'état 78
    '&'  décalage et aller à l'état 79
    '<'  décalage et aller à l'état 80
    '>'  décalage et aller à l'état 81
    '+'  décalage et aller à l'état 82
    '-'  décalage et aller à l'état 83
    '*'  décalage et aller à l'état 84
    '/'  décalage et aller à l'état 85

    $défaut  réduction par utilisation de la règle 38 (EXPR)


État 95

   25 EXPR: EXPR . '+' EXPR
   26     | EXPR . '*' EXPR
   27     | EXPR . '-' EXPR
   28     | EXPR . '/' EXPR
   31     | EXPR . '<' EXPR
   32     | EXPR . '>' EXPR
   33     | EXPR . LTE EXPR
   34     | EXPR . GTE EXPR
   34     | EXPR GTE EXPR .
   35     | EXPR . EQ EXPR
   36     | EXPR . NEQ EXPR
   37     | EXPR . OR EXPR
   38     | EXPR . AND EXPR
   39     | EXPR . '&' EXPR
   40     | EXPR . '^' EXPR
   41     | EXPR . '|' EXPR

    '+'  décalage et aller à l'état 82
    '-'  décalage et aller à l'état 83
    '*'  décalage et aller à l'état 84
    '/'  décalage et aller à l'état 85

    $défaut  réduction par utilisation de la règle 34 (EXPR)


État 96

   25 EXPR: EXPR . '+' EXPR
   26     | EXPR . '*' EXPR
   27     | EXPR . '-' EXPR
   28     | EXPR . '/' EXPR
   31     | EXPR . '<' EXPR
   32     | EXPR . '>' EXPR
   33     | EXPR . LTE EXPR
   33     | EXPR LTE EXPR .
   34     | EXPR . GTE EXPR
   35     | EXPR . EQ EXPR
   36     | EXPR . NEQ EXPR
   37     | EXPR . OR EXPR
   38     | EXPR . AND EXPR
   39     | EXPR . '&' EXPR
   40     | EXPR . '^' EXPR
   41     | EXPR . '|' EXPR

    '+'  décalage et aller à l'état 82
    '-'  décalage et aller à l'état 83
    '*'  décalage et aller à l'état 84
    '/'  décalage et aller à l'état 85

    $défaut  réduction par utilisation de la règle 33 (EXPR)


État 97

   25 EXPR: EXPR . '+' EXPR
   26     | EXPR . '*' EXPR
   27     | EXPR . '-' EXPR
   28     | EXPR . '/' EXPR
   31     | EXPR . '<' EXPR
   32     | EXPR . '>' EXPR
   33     | EXPR . LTE EXPR
   34     | EXPR . GTE EXPR
   35     | EXPR . EQ EXPR
   36     | EXPR . NEQ EXPR
   36     | EXPR NEQ EXPR .
   37     | EXPR . OR EXPR
   38     | EXPR . AND EXPR
   39     | EXPR . '&' EXPR
   40     | EXPR . '^' EXPR
   41     | EXPR . '|' EXPR

    GTE  décalage et aller à l'état 73
    LTE  décalage et aller à l'état 74
    '<'  décalage et aller à l'état 80
    '>'  décalage et aller à l'état 81
    '+'  décalage et aller à l'état 82
    '-'  décalage et aller à l'état 83
    '*'  décalage et aller à l'état 84
    '/'  décalage et aller à l'état 85

    $défaut  réduction par utilisation de la règle 36 (EXPR)


État 98

   25 EXPR: EXPR . '+' EXPR
   26     | EXPR . '*' EXPR
   27     | EXPR . '-' EXPR
   28     | EXPR . '/' EXPR
   31     | EXPR . '<' EXPR
   32     | EXPR . '>' EXPR
   33     | EXPR . LTE EXPR
   34     | EXPR . GTE EXPR
   35     | EXPR . EQ EXPR
   35     | EXPR EQ EXPR .
   36     | EXPR . NEQ EXPR
   37     | EXPR . OR EXPR
   38     | EXPR . AND EXPR
   39     | EXPR . '&' EXPR
   40     | EXPR . '^' EXPR
   41     | EXPR . '|' EXPR

    GTE  décalage et aller à l'état 73
    LTE  décalage et aller à l'état 74
    '<'  décalage et aller à l'état 80
    '>'  décalage et aller à l'état 81
    '+'  décalage et aller à l'état 82
    '-'  décalage et aller à l'état 83
    '*'  décalage et aller à l'état 84
    '/'  décalage et aller à l'état 85

    $défaut  réduction par utilisation de la règle 35 (EXPR)


État 99

   25 EXPR: EXPR . '+' EXPR
   26     | EXPR . '*' EXPR
   27     | EXPR . '-' EXPR
   28     | EXPR . '/' EXPR
   31     | EXPR . '<' EXPR
   32     | EXPR . '>' EXPR
   33     | EXPR . LTE EXPR
   34     | EXPR . GTE EXPR
   35     | EXPR . EQ EXPR
   36     | EXPR . NEQ EXPR
   37     | EXPR . OR EXPR
   38     | EXPR . AND EXPR
   39     | EXPR . '&' EXPR
   40     | EXPR . '^' EXPR
   41     | EXPR . '|' EXPR
   41     | EXPR '|' EXPR .

    GTE  décalage et aller à l'état 73
    LTE  décalage et aller à l'état 74
    NEQ  décalage et aller à l'état 75
    EQ   décalage et aller à l'état 76
    '^'  décalage et aller à l'état 78
    '&'  décalage et aller à l'état 79
    '<'  décalage et aller à l'état 80
    '>'  décalage et aller à l'état 81
    '+'  décalage et aller à l'état 82
    '-'  décalage et aller à l'état 83
    '*'  décalage et aller à l'état 84
    '/'  décalage et aller à l'état 85

    $défaut  réduction par utilisation de la règle 41 (EXPR)


État 100

   25 EXPR: EXPR . '+' EXPR
   26     | EXPR . '*' EXPR
   27     | EXPR . '-' EXPR
   28     | EXPR . '/' EXPR
   31     | EXPR . '<' EXPR
   32     | EXPR . '>' EXPR
   33     | EXPR . LTE EXPR
   34     | EXPR . GTE EXPR
   35     | EXPR . EQ EXPR
   36     | EXPR . NEQ EXPR
   37     | EXPR . OR EXPR
   38     | EXPR . AND EXPR
   39     | EXPR . '&' EXPR
   40     | EXPR . '^' EXPR
   40     | EXPR '^' EXPR .
   41     | EXPR . '|' EXPR

    GTE  décalage et aller à l'état 73
    LTE  décalage et aller à l'état 74
    NEQ  décalage et aller à l'état 75
    EQ   décalage et aller à l'état 76
    '&'  décalage et aller à l'état 79
    '<'  décalage et aller à l'état 80
    '>'  décalage et aller à l'état 81
    '+'  décalage et aller à l'état 82
    '-'  décalage et aller à l'état 83
    '*'  décalage et aller à l'état 84
    '/'  décalage et aller à l'état 85

    $défaut  réduction par utilisation de la règle 40 (EXPR)


État 101

   25 EXPR: EXPR . '+' EXPR
   26     | EXPR . '*' EXPR
   27     | EXPR . '-' EXPR
   28     | EXPR . '/' EXPR
   31     | EXPR . '<' EXPR
   32     | EXPR . '>' EXPR
   33     | EXPR . LTE EXPR
   34     | EXPR . GTE EXPR
   35     | EXPR . EQ EXPR
   36     | EXPR . NEQ EXPR
   37     | EXPR . OR EXPR
   38     | EXPR . AND EXPR
   39     | EXPR . '&' EXPR
   39     | EXPR '&' EXPR .
   40     | EXPR . '^' EXPR
   41     | EXPR . '|' EXPR

    GTE  décalage et aller à l'état 73
    LTE  décalage et aller à l'état 74
    NEQ  décalage et aller à l'état 75
    EQ   décalage et aller à l'état 76
    '<'  décalage et aller à l'état 80
    '>'  décalage et aller à l'état 81
    '+'  décalage et aller à l'état 82
    '-'  décalage et aller à l'état 83
    '*'  décalage et aller à l'état 84
    '/'  décalage et aller à l'état 85

    $défaut  réduction par utilisation de la règle 39 (EXPR)


État 102

   25 EXPR: EXPR . '+' EXPR
   26     | EXPR . '*' EXPR
   27     | EXPR . '-' EXPR
   28     | EXPR . '/' EXPR
   31     | EXPR . '<' EXPR
   31     | EXPR '<' EXPR .
   32     | EXPR . '>' EXPR
   33     | EXPR . LTE EXPR
   34     | EXPR . GTE EXPR
   35     | EXPR . EQ EXPR
   36     | EXPR . NEQ EXPR
   37     | EXPR . OR EXPR
   38     | EXPR . AND EXPR
   39     | EXPR . '&' EXPR
   40     | EXPR . '^' EXPR
   41     | EXPR . '|' EXPR

    '+'  décalage et aller à l'état 82
    '-'  décalage et aller à l'état 83
    '*'  décalage et aller à l'état 84
    '/'  décalage et aller à l'état 85

    $défaut  réduction par utilisation de la règle 31 (EXPR)


État 103

   25 EXPR: EXPR . '+' EXPR
   26     | EXPR . '*' EXPR
   27     | EXPR . '-' EXPR
   28     | EXPR . '/' EXPR
   31     | EXPR . '<' EXPR
   32     | EXPR . '>' EXPR
   32     | EXPR '>' EXPR .
   33     | EXPR . LTE EXPR
   34     | EXPR . GTE EXPR
   35     | EXPR . EQ EXPR
   36     | EXPR . NEQ EXPR
   37     | EXPR . OR EXPR
   38     | EXPR . AND EXPR
   39     | EXPR . '&' EXPR
   40     | EXPR . '^' EXPR
   41     | EXPR . '|' EXPR

    '+'  décalage et aller à l'état 82
    '-'  décalage et aller à l'état 83
    '*'  décalage et aller à l'état 84
    '/'  décalage et aller à l'état 85

    $défaut  réduction par utilisation de la règle 32 (EXPR)


État 104

   25 EXPR: EXPR . '+' EXPR
   25     | EXPR '+' EXPR .
   26     | EXPR . '*' EXPR
   27     | EXPR . '-' EXPR
   28     | EXPR . '/' EXPR
   31     | EXPR . '<' EXPR
   32     | EXPR . '>' EXPR
   33     | EXPR . LTE EXPR
   34     | EXPR . GTE EXPR
   35     | EXPR . EQ EXPR
   36     | EXPR . NEQ EXPR
   37     | EXPR . OR EXPR
   38     | EXPR . AND EXPR
   39     | EXPR . '&' EXPR
   40     | EXPR . '^' EXPR
   41     | EXPR . '|' EXPR

    '*'  décalage et aller à l'état 84
    '/'  décalage et aller à l'état 85

    $défaut  réduction par utilisation de la règle 25 (EXPR)


État 105

   25 EXPR: EXPR . '+' EXPR
   26     | EXPR . '*' EXPR
   27     | EXPR . '-' EXPR
   27     | EXPR '-' EXPR .
   28     | EXPR . '/' EXPR
   31     | EXPR . '<' EXPR
   32     | EXPR . '>' EXPR
   33     | EXPR . LTE EXPR
   34     | EXPR . GTE EXPR
   35     | EXPR . EQ EXPR
   36     | EXPR . NEQ EXPR
   37     | EXPR . OR EXPR
   38     | EXPR . AND EXPR
   39     | EXPR . '&' EXPR
   40     | EXPR . '^' EXPR
   41     | EXPR . '|' EXPR

    '*'  décalage et aller à l'état 84
    '/'  décalage et aller à l'état 85

    $défaut  réduction par utilisation de la règle 27 (EXPR)


État 106

   25 EXPR: EXPR . '+' EXPR
   26     | EXPR . '*' EXPR
   26     | EXPR '*' EXPR .
   27     | EXPR . '-' EXPR
   28     | EXPR . '/' EXPR
   31     | EXPR . '<' EXPR
   32     | EXPR . '>' EXPR
   33     | EXPR . LTE EXPR
   34     | EXPR . GTE EXPR
   35     | EXPR . EQ EXPR
   36     | EXPR . NEQ EXPR
   37     | EXPR . OR EXPR
   38     | EXPR . AND EXPR
   39     | EXPR . '&' EXPR
   40     | EXPR . '^' EXPR
   41     | EXPR . '|' EXPR

    $défaut  réduction par utilisation de la règle 26 (EXPR)


État 107

   25 EXPR: EXPR . '+' EXPR
   26     | EXPR . '*' EXPR
   27     | EXPR . '-' EXPR
   28     | EXPR . '/' EXPR
   28     | EXPR '/' EXPR .
   31     | EXPR . '<' EXPR
   32     | EXPR . '>' EXPR
   33     | EXPR . LTE EXPR
   34     | EXPR . GTE EXPR
   35     | EXPR . EQ EXPR
   36     | EXPR . NEQ EXPR
   37     | EXPR . OR EXPR
   38     | EXPR . AND EXPR
   39     | EXPR . '&' EXPR
   40     | EXPR . '^' EXPR
   41     | EXPR . '|' EXPR

    $défaut  réduction par utilisation de la règle 28 (EXPR)


État 108

   52 ARG: ',' PARAM . ARG

    ','  décalage et aller à l'état 86

    $défaut  réduction par utilisation de la règle 53 (ARG)

    ARG  aller à l'état 114


État 109

   48 FCT: SYMBOL '(' PARAM ARG ')' .

    $défaut  réduction par utilisation de la règle 48 (FCT)


État 110

   11 BLOC: IF '(' EXPR ')' BLOC .
   12     | IF '(' EXPR ')' BLOC . ELSE BLOC

    ELSE  décalage et aller à l'état 115

    $défaut  réduction par utilisation de la règle 11 (BLOC)


État 111

   15 BLOC: FOR '(' INSTRUCTION ';' EXPR . ';' INSTRUCTION ')' BLOC
   25 EXPR: EXPR . '+' EXPR
   26     | EXPR . '*' EXPR
   27     | EXPR . '-' EXPR
   28     | EXPR . '/' EXPR
   31     | EXPR . '<' EXPR
   32     | EXPR . '>' EXPR
   33     | EXPR . LTE EXPR
   34     | EXPR . GTE EXPR
   35     | EXPR . EQ EXPR
   36     | EXPR . NEQ EXPR
   37     | EXPR . OR EXPR
   38     | EXPR . AND EXPR
   39     | EXPR . '&' EXPR
   40     | EXPR . '^' EXPR
   41     | EXPR . '|' EXPR

    OR   décalage et aller à l'état 71
    AND  décalage et aller à l'état 72
    GTE  décalage et aller à l'état 73
    LTE  décalage et aller à l'état 74
    NEQ  décalage et aller à l'état 75
    EQ   décalage et aller à l'état 76
    '|'  décalage et aller à l'état 77
    '^'  décalage et aller à l'état 78
    '&'  décalage et aller à l'état 79
    '<'  décalage et aller à l'état 80
    '>'  décalage et aller à l'état 81
    '+'  décalage et aller à l'état 82
    '-'  décalage et aller à l'état 83
    '*'  décalage et aller à l'état 84
    '/'  décalage et aller à l'état 85
    ';'  décalage et aller à l'état 116


État 112

   13 BLOC: WHILE '(' EXPR ')' BLOC .

    $défaut  réduction par utilisation de la règle 13 (BLOC)


État 113

   14 BLOC: DO BLOC WHILE '(' EXPR . ')' ';'
   25 EXPR: EXPR . '+' EXPR
   26     | EXPR . '*' EXPR
   27     | EXPR . '-' EXPR
   28     | EXPR . '/' EXPR
   31     | EXPR . '<' EXPR
   32     | EXPR . '>' EXPR
   33     | EXPR . LTE EXPR
   34     | EXPR . GTE EXPR
   35     | EXPR . EQ EXPR
   36     | EXPR . NEQ EXPR
   37     | EXPR . OR EXPR
   38     | EXPR . AND EXPR
   39     | EXPR . '&' EXPR
   40     | EXPR . '^' EXPR
   41     | EXPR . '|' EXPR

    OR   décalage et aller à l'état 71
    AND  décalage et aller à l'état 72
    GTE  décalage et aller à l'état 73
    LTE  décalage et aller à l'état 74
    NEQ  décalage et aller à l'état 75
    EQ   décalage et aller à l'état 76
    '|'  décalage et aller à l'état 77
    '^'  décalage et aller à l'état 78
    '&'  décalage et aller à l'état 79
    '<'  décalage et aller à l'état 80
    '>'  décalage et aller à l'état 81
    '+'  décalage et aller à l'état 82
    '-'  décalage et aller à l'état 83
    '*'  décalage et aller à l'état 84
    '/'  décalage et aller à l'état 85
    ')'  décalage et aller à l'état 117


État 114

   52 ARG: ',' PARAM ARG .

    $défaut  réduction par utilisation de la règle 52 (ARG)


État 115

   12 BLOC: IF '(' EXPR ')' BLOC ELSE . BLOC

    SYMBOL     décalage et aller à l'état 18
    IF         décalage et aller à l'état 19
    FOR        décalage et aller à l'état 20
    WHILE      décalage et aller à l'état 21
    DO         décalage et aller à l'état 22
    PRECISION  décalage et aller à l'état 23
    ROUNDING   décalage et aller à l'état 24
    '{'        décalage et aller à l'état 25
    '('        décalage et aller à l'état 26

    $défaut  réduction par utilisation de la règle 19 (INSTRUCTION)

    BLOC         aller à l'état 118
    INSTRUCTION  aller à l'état 29
    ASSIGNMENT   aller à l'état 30
    FCT          aller à l'état 31
    VAR          aller à l'état 32


État 116

   15 BLOC: FOR '(' INSTRUCTION ';' EXPR ';' . INSTRUCTION ')' BLOC

    SYMBOL     décalage et aller à l'état 18
    PRECISION  décalage et aller à l'état 23
    ROUNDING   décalage et aller à l'état 24
    '('        décalage et aller à l'état 26

    $défaut  réduction par utilisation de la règle 19 (INSTRUCTION)

    INSTRUCTION  aller à l'état 119
    ASSIGNMENT   aller à l'état 30
    FCT          aller à l'état 31
    VAR          aller à l'état 32


État 117

   14 BLOC: DO BLOC WHILE '(' EXPR ')' . ';'

    ';'  décalage et aller à l'état 120


État 118

   12 BLOC: IF '(' EXPR ')' BLOC ELSE BLOC .

    $défaut  réduction par utilisation de la règle 12 (BLOC)


État 119

   15 BLOC: FOR '(' INSTRUCTION ';' EXPR ';' INSTRUCTION . ')' BLOC

    ')'  décalage et aller à l'état 121


État 120

   14 BLOC: DO BLOC WHILE '(' EXPR ')' ';' .

    $défaut  réduction par utilisation de la règle 14 (BLOC)


État 121

   15 BLOC: FOR '(' INSTRUCTION ';' EXPR ';' INSTRUCTION ')' . BLOC

    SYMBOL     décalage et aller à l'état 18
    IF         décalage et aller à l'état 19
    FOR        décalage et aller à l'état 20
    WHILE      décalage et aller à l'état 21
    DO         décalage et aller à l'état 22
    PRECISION  décalage et aller à l'état 23
    ROUNDING   décalage et aller à l'état 24
    '{'        décalage et aller à l'état 25
    '('        décalage et aller à l'état 26

    $défaut  réduction par utilisation de la règle 19 (INSTRUCTION)

    BLOC         aller à l'état 122
    INSTRUCTION  aller à l'état 29
    ASSIGNMENT   aller à l'état 30
    FCT          aller à l'état 31
    VAR          aller à l'état 32


État 122

   15 BLOC: FOR '(' INSTRUCTION ';' EXPR ';' INSTRUCTION ')' BLOC .

    $défaut  réduction par utilisation de la règle 15 (BLOC)
